[2012-01-12 18:42:38] Missing argument 1 for core\Citrus\Citrus::loadRouter(), called in /Users/remi/Sites/Citrus/code/web/index.php on line 19 and defined /Users/remi/Sites/citrus/code/core/Citrus/Citrus.php on line 141
[2012-01-12 18:42:38] Missing argument 1 for core\Citrus\Citrus::loadRouter(), called in /Users/remi/Sites/Citrus/code/web/index.php on line 19 and defined /Users/remi/Sites/citrus/code/core/Citrus/Citrus.php on line 141
[2012-01-16 11:21:02] Undefined offset: 1 /Users/remi/Sites/citrus/code/apps/install/modules/main/Controller.php on line 77
[2012-01-16 11:24:38] Undefined variable: toto /Users/remi/Sites/citrus/code/apps/install/modules/main/templates/index.tpl.php on line 1
[2012-01-16 11:26:58] Undefined variable: toto /Users/remi/Sites/citrus/code/apps/install/modules/main/templates/index.tpl.php on line 1
[2012-01-16 11:27:37] Undefined variable: toto /Users/remi/Sites/citrus/code/apps/install/modules/main/templates/index.tpl.php on line 1
[2012-01-16 11:28:13] Undefined variable: toto /Users/remi/Sites/citrus/code/apps/install/modules/main/templates/index.tpl.php on line 1
[2012-01-16 11:28:54] Undefined variable: toto /Users/remi/Sites/citrus/code/apps/install/modules/main/templates/index.tpl.php on line 1
[2012-01-16 11:28:58] Undefined variable: toto /Users/remi/Sites/citrus/code/apps/install/modules/main/templates/index.tpl.php on line 1
[2012-01-16 11:29:05] Undefined variable: toto /Users/remi/Sites/citrus/code/apps/install/modules/main/templates/index.tpl.php on line 1
[2012-01-16 11:29:13] Undefined variable: toto /Users/remi/Sites/citrus/code/apps/install/modules/main/templates/index.tpl.php on line 1
[2012-01-16 11:29:33] Undefined variable: toto /Users/remi/Sites/citrus/code/apps/install/modules/main/templates/index.tpl.php on line 1
[2012-01-16 11:29:45] Undefined variable: toto /Users/remi/Sites/citrus/code/apps/install/modules/main/templates/index.tpl.php on line 1
[2012-01-16 11:29:50] Undefined variable: toto /Users/remi/Sites/citrus/code/apps/install/modules/main/templates/index.tpl.php on line 1
[2012-01-16 11:30:28] Undefined variable: toto /Users/remi/Sites/citrus/code/apps/install/modules/main/templates/index.tpl.php on line 1
[2012-01-16 11:31:33] Undefined variable: cos /Users/remi/Sites/citrus/code/core/Citrus/sys/Debug.php on line 59
[2012-01-16 11:31:35] Undefined variable: cos /Users/remi/Sites/citrus/code/core/Citrus/sys/Debug.php on line 59
[2012-01-16 11:31:47] Undefined variable: cos /Users/remi/Sites/citrus/code/core/Citrus/sys/Debug.php on line 78
[2012-01-18 13:56:33] Trying to get property of non-object /Users/remi/Sites/citrus/code/core/Citrus/mvc/Controller.php on line 59
[2012-01-18 13:57:47] Trying to get property of non-object /Users/remi/Sites/citrus/code/core/Citrus/mvc/Controller.php on line 59
[2012-01-18 13:58:03] Trying to get property of non-object /Users/remi/Sites/citrus/code/core/Citrus/mvc/Controller.php on line 59
[2012-01-27 16:46:57] Undefined variable: request /Users/remi/Sites/citrus/code/core/Citrus/routing/Router.php on line 57
[2012-01-27 16:46:57] Undefined variable: request /Users/remi/Sites/citrus/code/core/Citrus/routing/Router.php on line 57
[2012-01-27 16:46:57] Undefined variable: request /Users/remi/Sites/citrus/code/core/Citrus/routing/Router.php on line 57
[2012-01-27 16:46:57] Undefined variable: request /Users/remi/Sites/citrus/code/core/Citrus/routing/Router.php on line 57
